#
# There is insufficient memory for the Java Runtime Environment to continue.
# Native memory allocation (mmap) failed to map 266338304 bytes for G1 virtual space
# Possible reasons:
#   The system is out of physical RAM or swap space
#   The process is running with CompressedOops enabled, and the Java Heap may be blocking the growth of the native heap
# Possible solutions:
#   Reduce memory load on the system
#   Increase physical memory or swap space
#   Check if swap backing store is full
#   Decrease Java heap size (-Xmx/-Xms)
#   Decrease number of Java threads
#   Decrease Java thread stack sizes (-Xss)
#   Set larger code cache with -XX:ReservedCodeCacheSize=
#   JVM is running with Zero Based Compressed Oops mode in which the Java heap is
#     placed in the first 32GB address space. The Java Heap base address is the
#     maximum limit for the native heap growth. Please use -XX:HeapBaseMinAddress
#     to set the Java Heap base and to place the Java Heap above 32GB virtual address.
# This output file may be truncated or incomplete.
#
#  Out of Memory Error (os_windows.cpp:3600), pid=17456, tid=15244
#
# JRE version:  (21.0.5+9) (build )
# Java VM: Java HotSpot(TM) 64-Bit Server VM (21.0.5+9-LTS-239, mixed mode, sharing, tiered, compressed oops, compressed class ptrs, g1 gc, windows-amd64)
# No core dump will be written. Minidumps are not enabled by default on client versions of Windows
#

---------------  S U M M A R Y ------------

Command Line: 

Host: Intel(R) Pentium(R) Silver N5030 CPU @ 1.10GHz, 4 cores, 15G,  Windows 11 , 64 bit Build 26100 (10.0.26100.7920)
Time: Wed Mar 25 23:26:59 2026 E. Africa Standard Time elapsed time: 0.225556 seconds (0d 0h 0m 0s)

---------------  T H R E A D  ---------------

Current thread (0x0000020b898c9880):  JavaThread "Unknown thread" [_thread_in_vm, id=15244, stack(0x000000a1ad800000,0x000000a1ad900000) (1024K)]

Stack: [0x000000a1ad800000,0x000000a1ad900000]
Native frames: (J=compiled Java code, j=interpreted, Vv=VM code, C=native code)
V  [jvm.dll+0x6ca289]
V  [jvm.dll+0x854a51]
V  [jvm.dll+0x856f7e]
V  [jvm.dll+0x857653]
V  [jvm.dll+0x27dd26]
V  [jvm.dll+0x6c6a25]
V  [jvm.dll+0x6bb5aa]
V  [jvm.dll+0x35359a]
V  [jvm.dll+0x35b1f6]
V  [jvm.dll+0x3adade]
V  [jvm.dll+0x3add88]
V  [jvm.dll+0x3278fc]
V  [jvm.dll+0x32845b]
V  [jvm.dll+0x81de19]
V  [jvm.dll+0x3ba7c1]
V  [jvm.dll+0x807168]
V  [jvm.dll+0x44f96e]
V  [jvm.dll+0x451561]
C  [jli.dll+0x52a3]
C  [ucrtbase.dll+0x37b0]
C  [KERNEL32.DLL+0x2e8d7]
C  [ntdll.dll+0x8c48c]


---------------  P R O C E S S  ---------------

Threads class SMR info:
_java_thread_list=0x00007ff86197ac08, length=0, elements={
}

Java Threads: ( => current thread )
Total: 0

Other Threads:
  0x0000020b89929d50 WorkerThread "GC Thread#0"                     [id=3064, stack(0x000000a1ad900000,0x000000a1ada00000) (1024K)]
  0x0000020b8993b8c0 ConcurrentGCThread "G1 Main Marker"            [id=1408, stack(0x000000a1ada00000,0x000000a1adb00000) (1024K)]
  0x0000020b8993d370 WorkerThread "G1 Conc#0"                       [id=18684, stack(0x000000a1adb00000,0x000000a1adc00000) (1024K)]

[error occurred during error reporting (printing all threads), id 0xc0000005, EXCEPTION_ACCESS_VIOLATION (0xc0000005) at pc=0x00007ff8610ea087]
VM state: not at safepoint (not fully initialized)

VM Mutex/Monitor currently owned by a thread:  ([mutex/lock_event])
[0x00007ff8619ebf98] Heap_lock - owner thread: 0x0000020b898c9880

Heap address: 0x0000000702e00000, size: 4050 MB, Compressed Oops mode: Zero based, Oop shift amount: 3

CDS archive(s) mapped at: [0x0000000000000000-0x0000000000000000-0x0000000000000000), size 0, SharedBaseAddress: 0x0000000800000000, ArchiveRelocationMode: 1.
Narrow klass base: 0x0000000000000000, Narrow klass shift: 0, Narrow klass range: 0x0

GC Precious Log:
 CardTable entry size: 512
 Card Set container configuration: InlinePtr #cards 4 size 8 Array Of Cards #cards 16 size 48 Howl #buckets 8 coarsen threshold 3686 Howl Bitmap #cards 512 size 80 coarsen threshold 460 Card regions per heap region 1 cards per card region 4096

Heap:
 garbage-first heap   total 0K, used 0K [0x0000000702e00000, 0x0000000800000000)
  region size 2048K, 0 young (0K), 0 survivors (0K)

[error occurred during error reporting (printing heap information), id 0xc0000005, EXCEPTION_ACCESS_VIOLATION (0xc0000005) at pc=0x00007ff8614d3259]
GC Heap History (0 events):
No events

Dll operation events (1 events):
Event: 0.025 Loaded shared library C:\Program Files\Java\jdk-21\bin\java.dll

Deoptimization events (0 events):
No events

Classes loaded (0 events):
No events

Classes unloaded (0 events):
No events

Classes redefined (0 events):
No events

Internal exceptions (0 events):
No events

ZGC Phase Switch (0 events):
No events

VM Operations (0 events):
No events

Events (0 events):
No events


Dynamic libraries:
0x00007ff661180000 - 0x00007ff661190000 	C:\Program Files\Java\jdk-21\bin\java.exe
0x00007ff8fe1e0000 - 0x00007ff8fe447000 	C:\WINDOWS\SYSTEM32\ntdll.dll
0x00007ff8fcc50000 - 0x00007ff8fcd19000 	C:\WINDOWS\System32\KERNEL32.DLL
0x00007ff8faeb0000 - 0x00007ff8fb2a1000 	C:\WINDOWS\System32\KERNELBASE.dll
0x00007ff8fad60000 - 0x00007ff8faeab000 	C:\WINDOWS\System32\ucrtbase.dll
0x00007ff8ee500000 - 0x00007ff8ee519000 	C:\Program Files\Java\jdk-21\bin\jli.dll
0x00007ff8dff20000 - 0x00007ff8dff3b000 	C:\Program Files\Java\jdk-21\bin\VCRUNTIME140.dll
0x00007ff8fdf60000 - 0x00007ff8fe01b000 	C:\WINDOWS\System32\ADVAPI32.dll
0x00007ff8fd5b0000 - 0x00007ff8fd659000 	C:\WINDOWS\System32\msvcrt.dll
0x00007ff8fd500000 - 0x00007ff8fd5a7000 	C:\WINDOWS\System32\sechost.dll
0x00007ff8fc9d0000 - 0x00007ff8fcae8000 	C:\WINDOWS\System32\RPCRT4.dll
0x00007ff8fc770000 - 0x00007ff8fc935000 	C:\WINDOWS\System32\USER32.dll
0x00007ff8e38f0000 - 0x00007ff8e3b83000 	C:\WINDOWS\WinSxS\amd64_microsoft.windows.common-controls_6595b64144ccf1df_6.0.26100.8037_none_3e092faae333b53b\COMCTL32.dll
0x00007ff8fab70000 - 0x00007ff8fab97000 	C:\WINDOWS\System32\win32u.dll
0x00007ff8fd720000 - 0x00007ff8fd74b000 	C:\WINDOWS\System32\GDI32.dll
0x00007ff8faba0000 - 0x00007ff8faccb000 	C:\WINDOWS\System32\gdi32full.dll
0x00007ff8fb2b0000 - 0x00007ff8fb353000 	C:\WINDOWS\System32\msvcp_win.dll
0x00007ff8edfb0000 - 0x00007ff8edfbb000 	C:\WINDOWS\SYSTEM32\VERSION.dll
0x00007ff8fdf20000 - 0x00007ff8fdf51000 	C:\WINDOWS\System32\IMM32.DLL
0x00007ff8ee2f0000 - 0x00007ff8ee2fc000 	C:\Program Files\Java\jdk-21\bin\vcruntime140_1.dll
0x00007ff8b9280000 - 0x00007ff8b930e000 	C:\Program Files\Java\jdk-21\bin\msvcp140.dll
0x00007ff860db0000 - 0x00007ff861ac8000 	C:\Program Files\Java\jdk-21\bin\server\jvm.dll
0x00007ff8fc940000 - 0x00007ff8fc9b4000 	C:\WINDOWS\System32\WS2_32.dll
0x00007ff8e07d0000 - 0x00007ff8e0805000 	C:\WINDOWS\SYSTEM32\WINMM.dll
0x00007ff8fa910000 - 0x00007ff8fa96e000 	C:\WINDOWS\SYSTEM32\POWRPROF.dll
0x00007ff8fa8f0000 - 0x00007ff8fa904000 	C:\WINDOWS\SYSTEM32\UMPDC.dll
0x00007ff8f9810000 - 0x00007ff8f982b000 	C:\WINDOWS\SYSTEM32\kernel.appcore.dll
0x00007ff8dff10000 - 0x00007ff8dff1a000 	C:\Program Files\Java\jdk-21\bin\jimage.dll
0x00007ff8f89b0000 - 0x00007ff8f8bf2000 	C:\WINDOWS\SYSTEM32\DBGHELP.DLL
0x00007ff8fd850000 - 0x00007ff8fdbd2000 	C:\WINDOWS\System32\combase.dll
0x00007ff8fc200000 - 0x00007ff8fc2d7000 	C:\WINDOWS\System32\OLEAUT32.dll
0x00007ff8da960000 - 0x00007ff8da99b000 	C:\WINDOWS\SYSTEM32\dbgcore.DLL
0x00007ff8faac0000 - 0x00007ff8fab65000 	C:\WINDOWS\System32\bcryptPrimitives.dll
0x00007ff8de1d0000 - 0x00007ff8de1ef000 	C:\Program Files\Java\jdk-21\bin\java.dll

dbghelp: loaded successfully - version: 4.0.5 - missing functions: none
symbol engine: initialized successfully - sym options: 0x614 - pdb path: .;C:\Program Files\Java\jdk-21\bin;C:\WINDOWS\SYSTEM32;C:\WINDOWS\WinSxS\amd64_microsoft.windows.common-controls_6595b64144ccf1df_6.0.26100.8037_none_3e092faae333b53b;C:\Program Files\Java\jdk-21\bin\server

VM Arguments:
java_command: <unknown>
java_class_path (initial): <not set>
Launcher Type: SUN_STANDARD

[Global flags]
     intx CICompilerCount                          = 3                                         {product} {ergonomic}
     uint ConcGCThreads                            = 1                                         {product} {ergonomic}
     uint G1ConcRefinementThreads                  = 4                                         {product} {ergonomic}
   size_t G1HeapRegionSize                         = 2097152                                   {product} {ergonomic}
    uintx GCDrainStackTargetSize                   = 64                                        {product} {ergonomic}
   size_t InitialHeapSize                          = 266338304                                 {product} {ergonomic}
   size_t MarkStackSize                            = 4194304                                   {product} {ergonomic}
   size_t MaxHeapSize                              = 4246732800                                {product} {ergonomic}
   size_t MinHeapDeltaBytes                        = 2097152                                   {product} {ergonomic}
   size_t MinHeapSize                              = 8388608                                   {product} {ergonomic}
    uintx NonNMethodCodeHeapSize                   = 5832780                                {pd product} {ergonomic}
    uintx NonProfiledCodeHeapSize                  = 122912730                              {pd product} {ergonomic}
    uintx ProfiledCodeHeapSize                     = 122912730                              {pd product} {ergonomic}
    uintx ReservedCodeCacheSize                    = 251658240                              {pd product} {ergonomic}
     bool SegmentedCodeCache                       = true                                      {product} {ergonomic}
   size_t SoftMaxHeapSize                          = 4246732800                             {manageable} {ergonomic}
     bool UseCompressedOops                        = true                           {product lp64_product} {ergonomic}
     bool UseG1GC                                  = true                                      {product} {ergonomic}
     bool UseLargePagesIndividualAllocation        = false                                  {pd product} {ergonomic}

Logging:
Log output configuration:
 #0: stdout all=warning uptime,level,tags foldmultilines=false
 #1: stderr all=off uptime,level,tags foldmultilines=false

Environment Variables:
JAVA_HOME=C:\Program Files (x86)\Java\jdk-23
PATH=C:\Program Files\Common Files\Oracle\Java\javapath;C:\WINDOWS\system32;C:\WINDOWS;C:\WINDOWS\System32\Wbem;C:\WINDOWS\System32\WindowsPowerShell\v1.0\;C:\WINDOWS\System32\OpenSSH\;C:\flutter\flutter\bin;C:\Dart\dart-sdk\bin;C:\Program Files\dotnet\;C:\Users\lifew\AppData\Local\Programs\Python\Python312;C:\MinGW\bin;C:\Program Files (x86)\Java\jdk-23\bin;C:\Program Files\Git\cmd;C:\Program Files\Neovim\bin;C:\Program Files (x86)\Stellar CLI;C:\ProgramData\chocolatey\bin;C:\john\run;C:\Program Files\Cloudflare\Cloudflare WARP\;C:\Program Files\nodejs\;C:\Program Files\swipl\bin;C:\Program Files\MySQL\MySQL Shell 8.0\bin\;C:\Users\lifew\.cargo\bin;C:\Users\lifew\AppData\Local\Programs\Python\Python312\Scripts\;C:\Users\lifew\AppData\Local\Programs\Python\Python312\;C:\Users\lifew\.console-ninja\.bin;C:\Users\lifew\AppData\Local\Programs\Python\Launcher\;C:\Users\lifew\AppData\Local\Microsoft\WindowsApps;C:\Users\lifew\AppData\Local\Programs\Microsoft VS Code\bin;C:\Users\lifew\AppData\Local\Programs\Git\cmd;C:\Program Files\JetBrains\IntelliJ IDEA Community Edition 2024.3.1.1\bin;;C:\Users\lifew\AppData\Local\Microsoft\WindowsApps;C:\mysql-connector-j-9.1.0.jar;C:\Users\lifew\AppData\Roaming\npm;C:\Users\lifew\AppData\Local\Google\Cloud SDK\google-cloud-sdk\bin
USERNAME=lifew
OS=Windows_NT
PROCESSOR_IDENTIFIER=Intel64 Family 6 Model 122 Stepping 8, GenuineIntel
TMP=C:\Users\lifew\AppData\Local\Temp
TEMP=C:\Users\lifew\AppData\Local\Temp




Periodic native trim disabled

---------------  S Y S T E M  ---------------

OS:
 Windows 11 , 64 bit Build 26100 (10.0.26100.7920)
OS uptime: 1 days 3:08 hours
Hyper-V role detected

CPU: total 4 (initial active 4) (4 cores per cpu, 1 threads per core) family 6 model 122 stepping 8 microcode 0x20, cx8, cmov, fxsr, mmx, 3dnowpref, sse, sse2, sse3, ssse3, sse4.1, sse4.2, popcnt, tsc, tscinvbit, aes, erms, clmul, sha, clflush, clflushopt, hv, rdtscp, rdpid
Processor Information for all 4 processors :
  Max Mhz: 1101, Current Mhz: 1101, Mhz Limit: 1101

Memory: 4k page, system-wide physical 16195M (5085M free)
TotalPageFile size 16195M (AvailPageFile size 161M)
current process WorkingSet (physical memory assigned to process): 12M, peak: 12M
current process commit charge ("private bytes"): 52M, peak: 306M

vm_info: Java HotSpot(TM) 64-Bit Server VM (21.0.5+9-LTS-239) for windows-amd64 JRE (21.0.5+9-LTS-239), built on 2024-09-30T05:17:38Z by "mach5one" with MS VC++ 17.6 (VS2022)

END.
